2019-08-07 09:35:38  [background-preinit:0] - [Version.java:21] - [INFO]  HV000001: Hibernate Validator 6.0.9.Final
2019-08-07 09:35:39  [main:633] - [AbstractApplicationContext.java:590] - [INFO]  Refreshing org.springframework.context.annotation.AnnotationConfigApplicationContext@1f81aa00: startup date [Wed Aug 07 09:35:39 CST 2019]; root of context hierarchy
2019-08-07 09:35:39  [main:1160] - [AutowiredAnnotationBeanPostProcessor.java:154] - [INFO]  JSR-330 'javax.inject.Inject' annotation found and supported for autowiring
2019-08-07 09:35:39  [main:1312] - [PostProcessorRegistrationDelegate.java:328] - [INFO]  Bean 'configurationPropertiesRebinderAutoConfiguration' of type [org.springframework.cloud.autoconfigure.ConfigurationPropertiesRebinderAutoConfiguration$$EnhancerBySpringCGLIB$$5648fad4] is not eligible for getting processed by all BeanPostProcessors (for example: not eligible for auto-proxying)
2019-08-07 09:35:40  [main:1931] - [SpringApplication.java:659] - [INFO]  No active profile set, falling back to default profiles: default
2019-08-07 09:35:40  [main:1963] - [AbstractApplicationContext.java:590] - [INFO]  Refreshing org.springframework.boot.web.servlet.context.AnnotationConfigServletWebServerApplicationContext@7e094740: startup date [Wed Aug 07 09:35:40 CST 2019]; parent: org.springframework.context.annotation.AnnotationConfigApplicationContext@1f81aa00
2019-08-07 09:35:41  [main:2931] - [Logger.java:44] - [WARN]  No MyBatis mapper was found in '[com.dasorb.framework.gateway]' package. Please check your configuration.
2019-08-07 09:35:41  [main:3193] - [DefaultListableBeanFactory.java:824] - [INFO]  Overriding bean definition for bean 'counterFactory' with a different definition: replacing [Root bean: class [null]; scope=; abstract=false; lazyInit=false; autowireMode=3; dependencyCheck=0; autowireCandidate=true; primary=false; factoryBeanName=org.springframework.cloud.netflix.zuul.ZuulServerAutoConfiguration$ZuulMetricsConfiguration; factoryMethodName=counterFactory; initMethodName=null; destroyMethodName=(inferred); defined in class path resource [org/springframework/cloud/netflix/zuul/ZuulServerAutoConfiguration$ZuulMetricsConfiguration.class]] with [Root bean: class [null]; scope=; abstract=false; lazyInit=false; autowireMode=3; dependencyCheck=0; autowireCandidate=true; primary=false; factoryBeanName=org.springframework.cloud.netflix.zuul.ZuulServerAutoConfiguration$ZuulCounterFactoryConfiguration; factoryMethodName=counterFactory; initMethodName=null; destroyMethodName=(inferred); defined in class path resource [org/springframework/cloud/netflix/zuul/ZuulServerAutoConfiguration$ZuulCounterFactoryConfiguration.class]]
2019-08-07 09:35:41  [main:3448] - [GenericScope.java:294] - [INFO]  BeanFactory id=19d9696c-7ba9-31eb-b13a-897b1203b49c
2019-08-07 09:35:41  [main:3467] - [AutowiredAnnotationBeanPostProcessor.java:154] - [INFO]  JSR-330 'javax.inject.Inject' annotation found and supported for autowiring
2019-08-07 09:35:42  [main:3640] - [PostProcessorRegistrationDelegate.java:328] - [INFO]  Bean 'org.springframework.transaction.annotation.ProxyTransactionManagementConfiguration' of type [org.springframework.transaction.annotation.ProxyTransactionManagementConfiguration$$EnhancerBySpringCGLIB$$3a2ef7d7] is not eligible for getting processed by all BeanPostProcessors (for example: not eligible for auto-proxying)
2019-08-07 09:35:42  [main:3816] - [PostProcessorRegistrationDelegate.java:328] - [INFO]  Bean 'org.springframework.cloud.autoconfigure.ConfigurationPropertiesRebinderAutoConfiguration' of type [org.springframework.cloud.autoconfigure.ConfigurationPropertiesRebinderAutoConfiguration$$EnhancerBySpringCGLIB$$5648fad4] is not eligible for getting processed by all BeanPostProcessors (for example: not eligible for auto-proxying)
2019-08-07 09:35:42  [main:4178] - [TomcatWebServer.java:91] - [INFO]  Tomcat initialized with port(s): 9000 (http)
2019-08-07 09:35:42  [localhost-startStop-1:4478] - [ServletWebServerApplicationContext.java:285] - [INFO]  Root WebApplicationContext: initialization completed in 2515 ms
2019-08-07 09:35:43  [localhost-startStop-1:4835] - [URLConfigurationSource.java:121] - [WARN]  No URLs will be polled as dynamic configuration sources.
2019-08-07 09:35:43  [localhost-startStop-1:4835] - [URLConfigurationSource.java:122] - [INFO]  To enable URLs as dynamic configuration sources, define System property archaius.configurationSource.additionalUrls or make config.properties available on classpath.
2019-08-07 09:35:43  [localhost-startStop-1:4860] - [DynamicPropertyFactory.java:281] - [INFO]  DynamicPropertyFactory is initialized with configuration sources: com.netflix.config.ConcurrentCompositeConfiguration@483f0c56
2019-08-07 09:35:43  [localhost-startStop-1:5338] - [DruidDataSourceAutoConfigure.java:56] - [INFO]  Init DruidDataSource
2019-08-07 09:35:43  [localhost-startStop-1:5481] - [TomcatStarter.java:62] - [ERROR]  Error starting Tomcat context. Exception: org.springframework.beans.factory.BeanCreationException. Message: Error creating bean with name 'servletEndpointRegistrar' defined in class path resource [org/springframework/boot/actuate/autoconfigure/endpoint/web/ServletEndpointManagementContextConfiguration.class]: Bean instantiation via factory method failed; nested exception is org.springframework.beans.BeanInstantiationException: Failed to instantiate [org.springframework.boot.actuate.endpoint.web.ServletEndpointRegistrar]: Factory method 'servletEndpointRegistrar' threw exception; nested exception is org.springframework.beans.factory.BeanCreationException: Error creating bean with name 'healthEndpoint' defined in class path resource [org/springframework/boot/actuate/autoconfigure/health/HealthEndpointConfiguration.class]: Bean instantiation via factory method failed; nested exception is org.springframework.beans.BeanInstantiationException: Failed to instantiate [org.springframework.boot.actuate.health.HealthEndpoint]: Factory method 'healthEndpoint' threw exception; nested exception is org.springframework.beans.factory.BeanCreationException: Error creating bean with name 'org.springframework.boot.actuate.autoconfigure.jdbc.DataSourceHealthIndicatorAutoConfiguration': Bean instantiation via constructor failed; nested exception is org.springframework.beans.BeanInstantiationException: Failed to instantiate [org.springframework.boot.actuate.autoconfigure.jdbc.DataSourceHealthIndicatorAutoConfiguration$$EnhancerBySpringCGLIB$$a913495d]: Constructor threw exception; nested exception is org.springframework.beans.factory.BeanCreationException: Error creating bean with name 'dataSource' defined in class path resource [com/alibaba/druid/spring/boot/autoconfigure/DruidDataSourceAutoConfigure.class]: Invocation of init method failed; nested exception is org.springframework.boot.autoconfigure.jdbc.DataSourceProperties$DataSourceBeanCreationException: Failed to determine a suitable driver class
2019-08-07 09:35:44  [main:5550] - [AbstractApplicationContext.java:558] - [WARN]  Exception encountered during context initialization - cancelling refresh attempt: org.springframework.context.ApplicationContextException: Unable to start web server; nested exception is org.springframework.boot.web.server.WebServerException: Unable to start embedded Tomcat
2019-08-07 09:35:44  [main:5561] - [ConditionEvaluationReportLoggingListener.java:101] - [INFO]  

Error starting ApplicationContext. To display the conditions report re-run your application with 'debug' enabled.
2019-08-07 09:35:44  [main:5567] - [LoggingFailureAnalysisReporter.java:42] - [ERROR]  

***************************
APPLICATION FAILED TO START
***************************

Description:

Failed to auto-configure a DataSource: 'spring.datasource.url' is not specified and no embedded datasource could be auto-configured.

Reason: Failed to determine a suitable driver class


Action:

Consider the following:
	If you want an embedded database (H2, HSQL or Derby), please put it on the classpath.
	If you have database settings to be loaded from a particular profile you may need to activate it (no profiles are currently active).

2019-08-07 09:54:18  [background-preinit:0] - [Version.java:21] - [INFO]  HV000001: Hibernate Validator 6.0.9.Final
2019-08-07 09:54:19  [main:479] - [AbstractApplicationContext.java:590] - [INFO]  Refreshing org.springframework.context.annotation.AnnotationConfigApplicationContext@4c5ae43b: startup date [Wed Aug 07 09:54:19 CST 2019]; root of context hierarchy
2019-08-07 09:54:19  [main:858] - [AutowiredAnnotationBeanPostProcessor.java:154] - [INFO]  JSR-330 'javax.inject.Inject' annotation found and supported for autowiring
2019-08-07 09:54:19  [main:928] - [PostProcessorRegistrationDelegate.java:328] - [INFO]  Bean 'configurationPropertiesRebinderAutoConfiguration' of type [org.springframework.cloud.autoconfigure.ConfigurationPropertiesRebinderAutoConfiguration$$EnhancerBySpringCGLIB$$b4ba61fd] is not eligible for getting processed by all BeanPostProcessors (for example: not eligible for auto-proxying)
2019-08-07 09:54:20  [main:1548] - [SpringApplication.java:659] - [INFO]  No active profile set, falling back to default profiles: default
2019-08-07 09:54:20  [main:1595] - [AbstractApplicationContext.java:590] - [INFO]  Refreshing org.springframework.boot.web.servlet.context.AnnotationConfigServletWebServerApplicationContext@41394595: startup date [Wed Aug 07 09:54:20 CST 2019]; parent: org.springframework.context.annotation.AnnotationConfigApplicationContext@4c5ae43b
2019-08-07 09:54:21  [main:2795] - [DefaultListableBeanFactory.java:824] - [INFO]  Overriding bean definition for bean 'counterFactory' with a different definition: replacing [Root bean: class [null]; scope=; abstract=false; lazyInit=false; autowireMode=3; dependencyCheck=0; autowireCandidate=true; primary=false; factoryBeanName=org.springframework.cloud.netflix.zuul.ZuulServerAutoConfiguration$ZuulMetricsConfiguration; factoryMethodName=counterFactory; initMethodName=null; destroyMethodName=(inferred); defined in class path resource [org/springframework/cloud/netflix/zuul/ZuulServerAutoConfiguration$ZuulMetricsConfiguration.class]] with [Root bean: class [null]; scope=; abstract=false; lazyInit=false; autowireMode=3; dependencyCheck=0; autowireCandidate=true; primary=false; factoryBeanName=org.springframework.cloud.netflix.zuul.ZuulServerAutoConfiguration$ZuulCounterFactoryConfiguration; factoryMethodName=counterFactory; initMethodName=null; destroyMethodName=(inferred); defined in class path resource [org/springframework/cloud/netflix/zuul/ZuulServerAutoConfiguration$ZuulCounterFactoryConfiguration.class]]
2019-08-07 09:54:21  [main:3021] - [GenericScope.java:294] - [INFO]  BeanFactory id=c55013ca-ed7d-308c-8f8c-6d671f117b01
2019-08-07 09:54:21  [main:3037] - [AutowiredAnnotationBeanPostProcessor.java:154] - [INFO]  JSR-330 'javax.inject.Inject' annotation found and supported for autowiring
2019-08-07 09:54:22  [main:3227] - [PostProcessorRegistrationDelegate.java:328] - [INFO]  Bean 'org.springframework.cloud.autoconfigure.ConfigurationPropertiesRebinderAutoConfiguration' of type [org.springframework.cloud.autoconfigure.ConfigurationPropertiesRebinderAutoConfiguration$$EnhancerBySpringCGLIB$$b4ba61fd] is not eligible for getting processed by all BeanPostProcessors (for example: not eligible for auto-proxying)
2019-08-07 09:54:22  [main:3496] - [TomcatWebServer.java:91] - [INFO]  Tomcat initialized with port(s): 9000 (http)
2019-08-07 09:54:22  [localhost-startStop-1:3680] - [ServletWebServerApplicationContext.java:285] - [INFO]  Root WebApplicationContext: initialization completed in 2085 ms
2019-08-07 09:54:22  [localhost-startStop-1:3971] - [URLConfigurationSource.java:121] - [WARN]  No URLs will be polled as dynamic configuration sources.
2019-08-07 09:54:22  [localhost-startStop-1:3971] - [URLConfigurationSource.java:122] - [INFO]  To enable URLs as dynamic configuration sources, define System property archaius.configurationSource.additionalUrls or make config.properties available on classpath.
2019-08-07 09:54:22  [localhost-startStop-1:4073] - [DynamicPropertyFactory.java:281] - [INFO]  DynamicPropertyFactory is initialized with configuration sources: com.netflix.config.ConcurrentCompositeConfiguration@3bb3fa91
2019-08-07 09:54:24  [localhost-startStop-1:5332] - [ServletRegistrationBean.java:185] - [INFO]  Servlet dispatcherServlet mapped to [/]
2019-08-07 09:54:24  [localhost-startStop-1:5336] - [ServletRegistrationBean.java:185] - [INFO]  Servlet zuulServlet mapped to [/zuul/*]
2019-08-07 09:54:24  [localhost-startStop-1:5343] - [AbstractFilterRegistrationBean.java:244] - [INFO]  Mapping filter: 'characterEncodingFilter' to: [/*]
2019-08-07 09:54:24  [localhost-startStop-1:5344] - [AbstractFilterRegistrationBean.java:244] - [INFO]  Mapping filter: 'hiddenHttpMethodFilter' to: [/*]
2019-08-07 09:54:24  [localhost-startStop-1:5345] - [AbstractFilterRegistrationBean.java:244] - [INFO]  Mapping filter: 'httpPutFormContentFilter' to: [/*]
2019-08-07 09:54:24  [localhost-startStop-1:5345] - [AbstractFilterRegistrationBean.java:244] - [INFO]  Mapping filter: 'requestContextFilter' to: [/*]
2019-08-07 09:54:24  [localhost-startStop-1:5345] - [AbstractFilterRegistrationBean.java:244] - [INFO]  Mapping filter: 'httpTraceFilter' to: [/*]
2019-08-07 09:54:24  [localhost-startStop-1:5345] - [AbstractFilterRegistrationBean.java:244] - [INFO]  Mapping filter: 'webMvcMetricsFilter' to: [/*]
2019-08-07 09:54:24  [main:5514] - [URLConfigurationSource.java:121] - [WARN]  No URLs will be polled as dynamic configuration sources.
2019-08-07 09:54:24  [main:5515] - [URLConfigurationSource.java:122] - [INFO]  To enable URLs as dynamic configuration sources, define System property archaius.configurationSource.additionalUrls or make config.properties available on classpath.
2019-08-07 09:54:24  [main:5691] - [AbstractUrlHandlerMapping.java:373] - [INFO]  Mapped URL path [/**/favicon.ico] onto handler of type [class org.springframework.web.servlet.resource.ResourceHttpRequestHandler]
2019-08-07 09:54:24  [main:5903] - [RequestMappingHandlerAdapter.java:574] - [INFO]  Looking for @ControllerAdvice: org.springframework.boot.web.servlet.context.AnnotationConfigServletWebServerApplicationContext@41394595: startup date [Wed Aug 07 09:54:20 CST 2019]; parent: org.springframework.context.annotation.AnnotationConfigApplicationContext@4c5ae43b
2019-08-07 09:54:24  [main:6001] - [AbstractHandlerMethodMapping.java:547] - [INFO]  Mapped "{[/error]}" onto public org.springframework.http.ResponseEntity<java.util.Map<java.lang.String, java.lang.Object>> org.springframework.boot.autoconfigure.web.servlet.error.BasicErrorController.error(javax.servlet.http.HttpServletRequest)
2019-08-07 09:54:24  [main:6002] - [AbstractHandlerMethodMapping.java:547] - [INFO]  Mapped "{[/error],produces=[text/html]}" onto public org.springframework.web.servlet.ModelAndView org.springframework.boot.autoconfigure.web.servlet.error.BasicErrorController.errorHtml(javax.servlet.http.HttpServletRequest,javax.servlet.http.HttpServletResponse)
2019-08-07 09:54:24  [main:6037] - [AbstractUrlHandlerMapping.java:373] - [INFO]  Mapped URL path [/webjars/**] onto handler of type [class org.springframework.web.servlet.resource.ResourceHttpRequestHandler]
2019-08-07 09:54:24  [main:6037] - [AbstractUrlHandlerMapping.java:373] - [INFO]  Mapped URL path [/**] onto handler of type [class org.springframework.web.servlet.resource.ResourceHttpRequestHandler]
2019-08-07 09:54:25  [main:6852] - [ZuulFilterInitializer.java:65] - [INFO]  Starting filter initializer
2019-08-07 09:54:25  [main:6920] - [EndpointLinksResolver.java:59] - [INFO]  Exposing 2 endpoint(s) beneath base path '/actuator'
2019-08-07 09:54:25  [main:6935] - [AbstractHandlerMethodMapping.java:547] - [INFO]  Mapped "{[/actuator/health],methods=[GET],produces=[application/vnd.spring-boot.actuator.v2+json || application/json]}" onto public java.lang.Object org.springframework.boot.actuate.endpoint.web.servlet.AbstractWebMvcEndpointHandlerMapping$OperationHandler.handle(javax.servlet.http.HttpServletRequest,java.util.Map<java.lang.String, java.lang.String>)
2019-08-07 09:54:25  [main:6937] - [AbstractHandlerMethodMapping.java:547] - [INFO]  Mapped "{[/actuator/info],methods=[GET],produces=[application/vnd.spring-boot.actuator.v2+json || application/json]}" onto public java.lang.Object org.springframework.boot.actuate.endpoint.web.servlet.AbstractWebMvcEndpointHandlerMapping$OperationHandler.handle(javax.servlet.http.HttpServletRequest,java.util.Map<java.lang.String, java.lang.String>)
2019-08-07 09:54:25  [main:6938] - [AbstractHandlerMethodMapping.java:547] - [INFO]  Mapped "{[/actuator],methods=[GET],produces=[application/vnd.spring-boot.actuator.v2+json || application/json]}" onto protected java.util.Map<java.lang.String, java.util.Map<java.lang.String, org.springframework.boot.actuate.endpoint.web.Link>> org.springframework.boot.actuate.endpoint.web.servlet.WebMvcEndpointHandlerMapping.links(javax.servlet.http.HttpServletRequest,javax.servlet.http.HttpServletResponse)
2019-08-07 09:54:25  [main:7011] - [MBeanExporter.java:433] - [INFO]  Registering beans for JMX exposure on startup
2019-08-07 09:54:25  [main:7020] - [MBeanExporter.java:895] - [INFO]  Bean with name 'environmentManager' has been autodetected for JMX exposure
2019-08-07 09:54:25  [main:7022] - [MBeanExporter.java:895] - [INFO]  Bean with name 'configurationPropertiesRebinder' has been autodetected for JMX exposure
2019-08-07 09:54:25  [main:7023] - [MBeanExporter.java:895] - [INFO]  Bean with name 'refreshScope' has been autodetected for JMX exposure
2019-08-07 09:54:25  [main:7026] - [MBeanExporter.java:675] - [INFO]  Located managed bean 'environmentManager': registering with JMX server as MBean [org.springframework.cloud.context.environment:name=environmentManager,type=EnvironmentManager]
2019-08-07 09:54:25  [main:7034] - [MBeanExporter.java:675] - [INFO]  Located managed bean 'refreshScope': registering with JMX server as MBean [org.springframework.cloud.context.scope.refresh:name=refreshScope,type=RefreshScope]
2019-08-07 09:54:25  [main:7069] - [MBeanExporter.java:675] - [INFO]  Located managed bean 'configurationPropertiesRebinder': registering with JMX server as MBean [org.springframework.cloud.context.properties:name=configurationPropertiesRebinder,context=41394595,type=ConfigurationPropertiesRebinder]
2019-08-07 09:54:25  [main:7080] - [DefaultLifecycleProcessor.java:351] - [INFO]  Starting beans in phase 0
2019-08-07 09:54:25  [main:7095] - [InstanceInfoFactory.java:71] - [INFO]  Setting initial instance status as: STARTING
2019-08-07 09:54:26  [main:7160] - [DiscoveryClient.java:349] - [INFO]  Initializing Eureka in region us-east-1
2019-08-07 09:54:26  [main:7232] - [DiscoveryJerseyProvider.java:70] - [INFO]  Using JSON encoding codec LegacyJacksonJson
2019-08-07 09:54:26  [main:7232] - [DiscoveryJerseyProvider.java:71] - [INFO]  Using JSON decoding codec LegacyJacksonJson
2019-08-07 09:54:26  [main:7380] - [DiscoveryJerseyProvider.java:80] - [INFO]  Using XML encoding codec XStreamXml
2019-08-07 09:54:26  [main:7380] - [DiscoveryJerseyProvider.java:81] - [INFO]  Using XML decoding codec XStreamXml
2019-08-07 09:54:26  [main:7656] - [ConfigClusterResolver.java:43] - [INFO]  Resolving eureka endpoints via configuration
2019-08-07 09:54:26  [main:7707] - [DiscoveryClient.java:958] - [INFO]  Disable delta property : false
2019-08-07 09:54:26  [main:7708] - [DiscoveryClient.java:959] - [INFO]  Single vip registry refresh property : null
2019-08-07 09:54:26  [main:7708] - [DiscoveryClient.java:960] - [INFO]  Force full registry fetch : false
2019-08-07 09:54:26  [main:7708] - [DiscoveryClient.java:961] - [INFO]  Application is null : false
2019-08-07 09:54:26  [main:7708] - [DiscoveryClient.java:962] - [INFO]  Registered Applications size is zero : true
2019-08-07 09:54:26  [main:7708] - [DiscoveryClient.java:964] - [INFO]  Application version is -1: true
2019-08-07 09:54:26  [main:7708] - [DiscoveryClient.java:1047] - [INFO]  Getting all instance registry info from the eureka server
2019-08-07 09:54:26  [main:7898] - [DiscoveryClient.java:1056] - [INFO]  The response status is 200
2019-08-07 09:54:26  [main:7900] - [DiscoveryClient.java:1264] - [INFO]  Starting heartbeat executor: renew interval is: 30
2019-08-07 09:54:26  [main:7904] - [InstanceInfoReplicator.java:60] - [INFO]  InstanceInfoReplicator onDemand update allowed rate per min is 4
2019-08-07 09:54:26  [main:7909] - [DiscoveryClient.java:449] - [INFO]  Discovery Client initialized at timestamp 1565142866756 with initial instances count: 2
2019-08-07 09:54:26  [main:7915] - [EurekaServiceRegistry.java:42] - [INFO]  Registering application api-gateway with eureka with status UP
2019-08-07 09:54:26  [main:7916] - [DiscoveryClient.java:1299] - [INFO]  Saw local status change event StatusChangeEvent [timestamp=1565142866764, current=UP, previous=STARTING]
2019-08-07 09:54:26  [DiscoveryClient-InstanceInfoReplicator-0:7920] - [DiscoveryClient.java:826] - [INFO]  DiscoveryClient_API-GATEWAY/WIN-ANAPA7101CQ:api-gateway:9000: registering service...
2019-08-07 09:54:26  [DiscoveryClient-InstanceInfoReplicator-0:7994] - [DiscoveryClient.java:835] - [INFO]  DiscoveryClient_API-GATEWAY/WIN-ANAPA7101CQ:api-gateway:9000 - registration status: 204
2019-08-07 09:54:26  [main:8008] - [TomcatWebServer.java:206] - [INFO]  Tomcat started on port(s): 9000 (http) with context path '/gateway'
2019-08-07 09:54:26  [main:8010] - [EurekaAutoServiceRegistration.java:124] - [INFO]  Updating port to 9000
2019-08-07 09:54:26  [main:8013] - [StartupInfoLogger.java:59] - [INFO]  Started FrameworkGatewayApplication in 8.26 seconds (JVM running for 9.543)
2019-08-07 09:54:27  [RMI TCP Connection(5)-10.1.75.9:8658] - [FrameworkServlet.java:494] - [INFO]  FrameworkServlet 'dispatcherServlet': initialization started
2019-08-07 09:54:27  [RMI TCP Connection(5)-10.1.75.9:8691] - [FrameworkServlet.java:509] - [INFO]  FrameworkServlet 'dispatcherServlet': initialization completed in 33 ms
2019-08-07 09:54:31  [Thread-26:12465] - [AbstractApplicationContext.java:993] - [INFO]  Closing org.springframework.boot.web.servlet.context.AnnotationConfigServletWebServerApplicationContext@41394595: startup date [Wed Aug 07 09:54:20 CST 2019]; parent: org.springframework.context.annotation.AnnotationConfigApplicationContext@4c5ae43b
2019-08-07 09:54:31  [Thread-26:12466] - [EurekaServiceRegistry.java:65] - [INFO]  Unregistering application api-gateway with eureka with status DOWN
2019-08-07 09:54:31  [Thread-26:12467] - [DiscoveryClient.java:1297] - [WARN]  Saw local status change event StatusChangeEvent [timestamp=1565142871315, current=DOWN, previous=UP]
2019-08-07 09:54:31  [DiscoveryClient-InstanceInfoReplicator-0:12467] - [DiscoveryClient.java:826] - [INFO]  DiscoveryClient_API-GATEWAY/WIN-ANAPA7101CQ:api-gateway:9000: registering service...
2019-08-07 09:54:31  [Thread-26:12469] - [DefaultLifecycleProcessor.java:366] - [INFO]  Stopping beans in phase 0
2019-08-07 09:54:31  [Thread-26:12470] - [ZuulFilterInitializer.java:77] - [INFO]  Stopping filter initializer
2019-08-07 09:54:31  [Thread-26:12473] - [MBeanExporter.java:451] - [INFO]  Unregistering JMX-exposed beans on shutdown
2019-08-07 09:54:31  [Thread-26:12474] - [MBeanRegistrationSupport.java:183] - [INFO]  Unregistering JMX-exposed beans
2019-08-07 09:54:31  [DiscoveryClient-InstanceInfoReplicator-0:12485] - [DiscoveryClient.java:835] - [INFO]  DiscoveryClient_API-GATEWAY/WIN-ANAPA7101CQ:api-gateway:9000 - registration status: 204
2019-08-07 09:54:31  [Thread-26:12486] - [DiscoveryClient.java:888] - [INFO]  Shutting down DiscoveryClient ...
2019-08-07 09:54:31  [Thread-26:12489] - [InitDestroyAnnotationBeanPostProcessor.java:163] - [WARN]  Invocation of destroy method failed on bean with name 'scopedTarget.eurekaClient': org.springframework.beans.factory.BeanCreationNotAllowedException: Error creating bean with name 'eurekaInstanceConfigBean': Singleton bean creation not allowed while singletons of this factory are in destruction (Do not request a bean from a BeanFactory in a destroy method implementation!)
2019-08-07 09:58:07  [background-preinit:0] - [Version.java:21] - [INFO]  HV000001: Hibernate Validator 6.0.9.Final
2019-08-07 09:58:08  [main:875] - [AbstractApplicationContext.java:590] - [INFO]  Refreshing org.springframework.context.annotation.AnnotationConfigApplicationContext@2462cb01: startup date [Wed Aug 07 09:58:08 CST 2019]; root of context hierarchy
2019-08-07 09:58:08  [main:1544] - [AutowiredAnnotationBeanPostProcessor.java:154] - [INFO]  JSR-330 'javax.inject.Inject' annotation found and supported for autowiring
2019-08-07 09:58:08  [main:1622] - [PostProcessorRegistrationDelegate.java:328] - [INFO]  Bean 'configurationPropertiesRebinderAutoConfiguration' of type [org.springframework.cloud.autoconfigure.ConfigurationPropertiesRebinderAutoConfiguration$$EnhancerBySpringCGLIB$$c7c4187d] is not eligible for getting processed by all BeanPostProcessors (for example: not eligible for auto-proxying)
2019-08-07 09:58:10  [main:3002] - [SpringApplication.java:659] - [INFO]  No active profile set, falling back to default profiles: default
2019-08-07 09:58:10  [main:3036] - [AbstractApplicationContext.java:590] - [INFO]  Refreshing org.springframework.boot.web.servlet.context.AnnotationConfigServletWebServerApplicationContext@7bb3a9fe: startup date [Wed Aug 07 09:58:10 CST 2019]; parent: org.springframework.context.annotation.AnnotationConfigApplicationContext@2462cb01
2019-08-07 09:58:11  [main:4464] - [DefaultListableBeanFactory.java:824] - [INFO]  Overriding bean definition for bean 'counterFactory' with a different definition: replacing [Root bean: class [null]; scope=; abstract=false; lazyInit=false; autowireMode=3; dependencyCheck=0; autowireCandidate=true; primary=false; factoryBeanName=org.springframework.cloud.netflix.zuul.ZuulServerAutoConfiguration$ZuulMetricsConfiguration; factoryMethodName=counterFactory; initMethodName=null; destroyMethodName=(inferred); defined in class path resource [org/springframework/cloud/netflix/zuul/ZuulServerAutoConfiguration$ZuulMetricsConfiguration.class]] with [Root bean: class [null]; scope=; abstract=false; lazyInit=false; autowireMode=3; dependencyCheck=0; autowireCandidate=true; primary=false; factoryBeanName=org.springframework.cloud.netflix.zuul.ZuulServerAutoConfiguration$ZuulCounterFactoryConfiguration; factoryMethodName=counterFactory; initMethodName=null; destroyMethodName=(inferred); defined in class path resource [org/springframework/cloud/netflix/zuul/ZuulServerAutoConfiguration$ZuulCounterFactoryConfiguration.class]]
2019-08-07 09:58:11  [main:4796] - [GenericScope.java:294] - [INFO]  BeanFactory id=c55013ca-ed7d-308c-8f8c-6d671f117b01
2019-08-07 09:58:11  [main:4841] - [AutowiredAnnotationBeanPostProcessor.java:154] - [INFO]  JSR-330 'javax.inject.Inject' annotation found and supported for autowiring
2019-08-07 09:58:12  [main:5226] - [PostProcessorRegistrationDelegate.java:328] - [INFO]  Bean 'org.springframework.cloud.autoconfigure.ConfigurationPropertiesRebinderAutoConfiguration' of type [org.springframework.cloud.autoconfigure.ConfigurationPropertiesRebinderAutoConfiguration$$EnhancerBySpringCGLIB$$c7c4187d] is not eligible for getting processed by all BeanPostProcessors (for example: not eligible for auto-proxying)
2019-08-07 09:58:12  [main:5646] - [TomcatWebServer.java:91] - [INFO]  Tomcat initialized with port(s): 9000 (http)
2019-08-07 09:58:13  [localhost-startStop-1:6122] - [ServletWebServerApplicationContext.java:285] - [INFO]  Root WebApplicationContext: initialization completed in 3086 ms
2019-08-07 09:58:13  [localhost-startStop-1:6692] - [URLConfigurationSource.java:121] - [WARN]  No URLs will be polled as dynamic configuration sources.
2019-08-07 09:58:13  [localhost-startStop-1:6692] - [URLConfigurationSource.java:122] - [INFO]  To enable URLs as dynamic configuration sources, define System property archaius.configurationSource.additionalUrls or make config.properties available on classpath.
2019-08-07 09:58:14  [localhost-startStop-1:6868] - [DynamicPropertyFactory.java:281] - [INFO]  DynamicPropertyFactory is initialized with configuration sources: com.netflix.config.ConcurrentCompositeConfiguration@397368ae
2019-08-07 09:58:15  [localhost-startStop-1:7966] - [ServletRegistrationBean.java:185] - [INFO]  Servlet dispatcherServlet mapped to [/]
2019-08-07 09:58:15  [localhost-startStop-1:7968] - [ServletRegistrationBean.java:185] - [INFO]  Servlet zuulServlet mapped to [/zuul/*]
2019-08-07 09:58:15  [localhost-startStop-1:7973] - [AbstractFilterRegistrationBean.java:244] - [INFO]  Mapping filter: 'characterEncodingFilter' to: [/*]
2019-08-07 09:58:15  [localhost-startStop-1:7974] - [AbstractFilterRegistrationBean.java:244] - [INFO]  Mapping filter: 'hiddenHttpMethodFilter' to: [/*]
2019-08-07 09:58:15  [localhost-startStop-1:7974] - [AbstractFilterRegistrationBean.java:244] - [INFO]  Mapping filter: 'httpPutFormContentFilter' to: [/*]
2019-08-07 09:58:15  [localhost-startStop-1:7974] - [AbstractFilterRegistrationBean.java:244] - [INFO]  Mapping filter: 'requestContextFilter' to: [/*]
2019-08-07 09:58:15  [localhost-startStop-1:7974] - [AbstractFilterRegistrationBean.java:244] - [INFO]  Mapping filter: 'httpTraceFilter' to: [/*]
2019-08-07 09:58:15  [localhost-startStop-1:7974] - [AbstractFilterRegistrationBean.java:244] - [INFO]  Mapping filter: 'webMvcMetricsFilter' to: [/*]
2019-08-07 09:58:15  [main:8044] - [URLConfigurationSource.java:121] - [WARN]  No URLs will be polled as dynamic configuration sources.
2019-08-07 09:58:15  [main:8044] - [URLConfigurationSource.java:122] - [INFO]  To enable URLs as dynamic configuration sources, define System property archaius.configurationSource.additionalUrls or make config.properties available on classpath.
2019-08-07 09:58:15  [main:8141] - [AbstractUrlHandlerMapping.java:373] - [INFO]  Mapped URL path [/**/favicon.ico] onto handler of type [class org.springframework.web.servlet.resource.ResourceHttpRequestHandler]
2019-08-07 09:58:15  [main:8359] - [RequestMappingHandlerAdapter.java:574] - [INFO]  Looking for @ControllerAdvice: org.springframework.boot.web.servlet.context.AnnotationConfigServletWebServerApplicationContext@7bb3a9fe: startup date [Wed Aug 07 09:58:10 CST 2019]; parent: org.springframework.context.annotation.AnnotationConfigApplicationContext@2462cb01
2019-08-07 09:58:15  [main:8424] - [AbstractHandlerMethodMapping.java:547] - [INFO]  Mapped "{[/error]}" onto public org.springframework.http.ResponseEntity<java.util.Map<java.lang.String, java.lang.Object>> org.springframework.boot.autoconfigure.web.servlet.error.BasicErrorController.error(javax.servlet.http.HttpServletRequest)
2019-08-07 09:58:15  [main:8426] - [AbstractHandlerMethodMapping.java:547] - [INFO]  Mapped "{[/error],produces=[text/html]}" onto public org.springframework.web.servlet.ModelAndView org.springframework.boot.autoconfigure.web.servlet.error.BasicErrorController.errorHtml(javax.servlet.http.HttpServletRequest,javax.servlet.http.HttpServletResponse)
2019-08-07 09:58:15  [main:8458] - [AbstractUrlHandlerMapping.java:373] - [INFO]  Mapped URL path [/webjars/**] onto handler of type [class org.springframework.web.servlet.resource.ResourceHttpRequestHandler]
2019-08-07 09:58:15  [main:8459] - [AbstractUrlHandlerMapping.java:373] - [INFO]  Mapped URL path [/**] onto handler of type [class org.springframework.web.servlet.resource.ResourceHttpRequestHandler]
2019-08-07 09:58:16  [main:9214] - [ZuulFilterInitializer.java:65] - [INFO]  Starting filter initializer
2019-08-07 09:58:16  [main:9277] - [EndpointLinksResolver.java:59] - [INFO]  Exposing 2 endpoint(s) beneath base path '/actuator'
2019-08-07 09:58:16  [main:9288] - [AbstractHandlerMethodMapping.java:547] - [INFO]  Mapped "{[/actuator/health],methods=[GET],produces=[application/vnd.spring-boot.actuator.v2+json || application/json]}" onto public java.lang.Object org.springframework.boot.actuate.endpoint.web.servlet.AbstractWebMvcEndpointHandlerMapping$OperationHandler.handle(javax.servlet.http.HttpServletRequest,java.util.Map<java.lang.String, java.lang.String>)
2019-08-07 09:58:16  [main:9289] - [AbstractHandlerMethodMapping.java:547] - [INFO]  Mapped "{[/actuator/info],methods=[GET],produces=[application/vnd.spring-boot.actuator.v2+json || application/json]}" onto public java.lang.Object org.springframework.boot.actuate.endpoint.web.servlet.AbstractWebMvcEndpointHandlerMapping$OperationHandler.handle(javax.servlet.http.HttpServletRequest,java.util.Map<java.lang.String, java.lang.String>)
2019-08-07 09:58:16  [main:9290] - [AbstractHandlerMethodMapping.java:547] - [INFO]  Mapped "{[/actuator],methods=[GET],produces=[application/vnd.spring-boot.actuator.v2+json || application/json]}" onto protected java.util.Map<java.lang.String, java.util.Map<java.lang.String, org.springframework.boot.actuate.endpoint.web.Link>> org.springframework.boot.actuate.endpoint.web.servlet.WebMvcEndpointHandlerMapping.links(javax.servlet.http.HttpServletRequest,javax.servlet.http.HttpServletResponse)
2019-08-07 09:58:16  [main:9340] - [MBeanExporter.java:433] - [INFO]  Registering beans for JMX exposure on startup
2019-08-07 09:58:16  [main:9348] - [MBeanExporter.java:895] - [INFO]  Bean with name 'environmentManager' has been autodetected for JMX exposure
2019-08-07 09:58:16  [main:9350] - [MBeanExporter.java:895] - [INFO]  Bean with name 'configurationPropertiesRebinder' has been autodetected for JMX exposure
2019-08-07 09:58:16  [main:9350] - [MBeanExporter.java:895] - [INFO]  Bean with name 'refreshScope' has been autodetected for JMX exposure
2019-08-07 09:58:16  [main:9353] - [MBeanExporter.java:675] - [INFO]  Located managed bean 'environmentManager': registering with JMX server as MBean [org.springframework.cloud.context.environment:name=environmentManager,type=EnvironmentManager]
2019-08-07 09:58:16  [main:9361] - [MBeanExporter.java:675] - [INFO]  Located managed bean 'refreshScope': registering with JMX server as MBean [org.springframework.cloud.context.scope.refresh:name=refreshScope,type=RefreshScope]
2019-08-07 09:58:16  [main:9372] - [MBeanExporter.java:675] - [INFO]  Located managed bean 'configurationPropertiesRebinder': registering with JMX server as MBean [org.springframework.cloud.context.properties:name=configurationPropertiesRebinder,context=7bb3a9fe,type=ConfigurationPropertiesRebinder]
2019-08-07 09:58:16  [main:9382] - [DefaultLifecycleProcessor.java:351] - [INFO]  Starting beans in phase 0
2019-08-07 09:58:16  [main:9387] - [InstanceInfoFactory.java:71] - [INFO]  Setting initial instance status as: STARTING
2019-08-07 09:58:16  [main:9444] - [DiscoveryClient.java:349] - [INFO]  Initializing Eureka in region us-east-1
2019-08-07 09:58:16  [main:9512] - [DiscoveryJerseyProvider.java:70] - [INFO]  Using JSON encoding codec LegacyJacksonJson
2019-08-07 09:58:16  [main:9512] - [DiscoveryJerseyProvider.java:71] - [INFO]  Using JSON decoding codec LegacyJacksonJson
2019-08-07 09:58:16  [main:9634] - [DiscoveryJerseyProvider.java:80] - [INFO]  Using XML encoding codec XStreamXml
2019-08-07 09:58:16  [main:9635] - [DiscoveryJerseyProvider.java:81] - [INFO]  Using XML decoding codec XStreamXml
2019-08-07 09:58:17  [main:9879] - [ConfigClusterResolver.java:43] - [INFO]  Resolving eureka endpoints via configuration
2019-08-07 09:58:17  [main:9922] - [DiscoveryClient.java:958] - [INFO]  Disable delta property : false
2019-08-07 09:58:17  [main:9922] - [DiscoveryClient.java:959] - [INFO]  Single vip registry refresh property : null
2019-08-07 09:58:17  [main:9923] - [DiscoveryClient.java:960] - [INFO]  Force full registry fetch : false
2019-08-07 09:58:17  [main:9923] - [DiscoveryClient.java:961] - [INFO]  Application is null : false
2019-08-07 09:58:17  [main:9923] - [DiscoveryClient.java:962] - [INFO]  Registered Applications size is zero : true
2019-08-07 09:58:17  [main:9923] - [DiscoveryClient.java:964] - [INFO]  Application version is -1: true
2019-08-07 09:58:17  [main:9923] - [DiscoveryClient.java:1047] - [INFO]  Getting all instance registry info from the eureka server
2019-08-07 09:58:17  [main:10086] - [DiscoveryClient.java:1056] - [INFO]  The response status is 200
2019-08-07 09:58:17  [main:10088] - [DiscoveryClient.java:1264] - [INFO]  Starting heartbeat executor: renew interval is: 30
2019-08-07 09:58:17  [main:10091] - [InstanceInfoReplicator.java:60] - [INFO]  InstanceInfoReplicator onDemand update allowed rate per min is 4
2019-08-07 09:58:17  [main:10095] - [DiscoveryClient.java:449] - [INFO]  Discovery Client initialized at timestamp 1565143097237 with initial instances count: 3
2019-08-07 09:58:17  [main:10101] - [EurekaServiceRegistry.java:42] - [INFO]  Registering application api-gateway with eureka with status UP
2019-08-07 09:58:17  [main:10101] - [DiscoveryClient.java:1299] - [INFO]  Saw local status change event StatusChangeEvent [timestamp=1565143097244, current=UP, previous=STARTING]
2019-08-07 09:58:17  [DiscoveryClient-InstanceInfoReplicator-0:10104] - [DiscoveryClient.java:826] - [INFO]  DiscoveryClient_API-GATEWAY/WIN-ANAPA7101CQ:api-gateway:9000: registering service...
2019-08-07 09:58:17  [DiscoveryClient-InstanceInfoReplicator-0:10159] - [DiscoveryClient.java:835] - [INFO]  DiscoveryClient_API-GATEWAY/WIN-ANAPA7101CQ:api-gateway:9000 - registration status: 204
2019-08-07 09:58:17  [main:10162] - [TomcatWebServer.java:206] - [INFO]  Tomcat started on port(s): 9000 (http) with context path '/gateway'
2019-08-07 09:58:17  [main:10163] - [EurekaAutoServiceRegistration.java:124] - [INFO]  Updating port to 9000
2019-08-07 09:58:17  [main:10165] - [StartupInfoLogger.java:59] - [INFO]  Started FrameworkGatewayApplication in 10.408 seconds (JVM running for 11.854)
2019-08-07 09:58:17  [RMI TCP Connection(1)-10.1.75.9:10543] - [FrameworkServlet.java:494] - [INFO]  FrameworkServlet 'dispatcherServlet': initialization started
2019-08-07 09:58:17  [RMI TCP Connection(1)-10.1.75.9:10576] - [FrameworkServlet.java:509] - [INFO]  FrameworkServlet 'dispatcherServlet': initialization completed in 33 ms
2019-08-07 09:58:34  [background-preinit:0] - [Version.java:21] - [INFO]  HV000001: Hibernate Validator 6.0.9.Final
2019-08-07 09:58:34  [main:658] - [AbstractApplicationContext.java:590] - [INFO]  Refreshing org.springframework.context.annotation.AnnotationConfigApplicationContext@4b34fff9: startup date [Wed Aug 07 09:58:34 CST 2019]; root of context hierarchy
2019-08-07 09:58:35  [main:1184] - [AutowiredAnnotationBeanPostProcessor.java:154] - [INFO]  JSR-330 'javax.inject.Inject' annotation found and supported for autowiring
2019-08-07 09:58:35  [main:1316] - [PostProcessorRegistrationDelegate.java:328] - [INFO]  Bean 'configurationPropertiesRebinderAutoConfiguration' of type [org.springframework.cloud.autoconfigure.ConfigurationPropertiesRebinderAutoConfiguration$$EnhancerBySpringCGLIB$$1b185123] is not eligible for getting processed by all BeanPostProcessors (for example: not eligible for auto-proxying)
2019-08-07 09:58:35  [main:1717] - [SpringApplication.java:659] - [INFO]  No active profile set, falling back to default profiles: default
2019-08-07 09:58:35  [main:1732] - [AbstractApplicationContext.java:590] - [INFO]  Refreshing org.springframework.boot.web.servlet.context.AnnotationConfigServletWebServerApplicationContext@48e64352: startup date [Wed Aug 07 09:58:35 CST 2019]; parent: org.springframework.context.annotation.AnnotationConfigApplicationContext@4b34fff9
2019-08-07 09:58:36  [main:2357] - [Logger.java:44] - [WARN]  No MyBatis mapper was found in '[com.dasorb.framwork.admin]' package. Please check your configuration.
2019-08-07 09:58:36  [main:2798] - [GenericScope.java:294] - [INFO]  BeanFactory id=06cace9e-3761-3ae3-88fa-3794b2d6a071
2019-08-07 09:58:36  [main:2813] - [AutowiredAnnotationBeanPostProcessor.java:154] - [INFO]  JSR-330 'javax.inject.Inject' annotation found and supported for autowiring
2019-08-07 09:58:37  [main:2921] - [PostProcessorRegistrationDelegate.java:328] - [INFO]  Bean 'org.springframework.transaction.annotation.ProxyTransactionManagementConfiguration' of type [org.springframework.transaction.annotation.ProxyTransactionManagementConfiguration$$EnhancerBySpringCGLIB$$fefe4e26] is not eligible for getting processed by all BeanPostProcessors (for example: not eligible for auto-proxying)
2019-08-07 09:58:37  [main:2954] - [PostProcessorRegistrationDelegate.java:328] - [INFO]  Bean 'org.springframework.cloud.autoconfigure.ConfigurationPropertiesRebinderAutoConfiguration' of type [org.springframework.cloud.autoconfigure.ConfigurationPropertiesRebinderAutoConfiguration$$EnhancerBySpringCGLIB$$1b185123] is not eligible for getting processed by all BeanPostProcessors (for example: not eligible for auto-proxying)
2019-08-07 09:58:37  [main:3248] - [TomcatWebServer.java:91] - [INFO]  Tomcat initialized with port(s): 9001 (http)
2019-08-07 09:58:37  [localhost-startStop-1:3418] - [ServletWebServerApplicationContext.java:285] - [INFO]  Root WebApplicationContext: initialization completed in 1686 ms
2019-08-07 09:58:37  [localhost-startStop-1:3755] - [URLConfigurationSource.java:121] - [WARN]  No URLs will be polled as dynamic configuration sources.
2019-08-07 09:58:37  [localhost-startStop-1:3755] - [URLConfigurationSource.java:122] - [INFO]  To enable URLs as dynamic configuration sources, define System property archaius.configurationSource.additionalUrls or make config.properties available on classpath.
2019-08-07 09:58:37  [localhost-startStop-1:3772] - [DynamicPropertyFactory.java:281] - [INFO]  DynamicPropertyFactory is initialized with configuration sources: com.netflix.config.ConcurrentCompositeConfiguration@1e0a2d98
2019-08-07 09:58:38  [localhost-startStop-1:4075] - [DruidDataSourceAutoConfigure.java:56] - [INFO]  Init DruidDataSource
2019-08-07 09:58:38  [localhost-startStop-1:4487] - [DruidDataSource.java:928] - [INFO]  {dataSource-1} inited
2019-08-07 09:58:39  [localhost-startStop-1:5270] - [ServletRegistrationBean.java:185] - [INFO]  Servlet dispatcherServlet mapped to [/]
2019-08-07 09:58:39  [localhost-startStop-1:5271] - [ServletRegistrationBean.java:185] - [INFO]  Servlet statViewServlet mapped to [/druid/*]
2019-08-07 09:58:39  [localhost-startStop-1:5275] - [AbstractFilterRegistrationBean.java:244] - [INFO]  Mapping filter: 'characterEncodingFilter' to: [/*]
2019-08-07 09:58:39  [localhost-startStop-1:5275] - [AbstractFilterRegistrationBean.java:244] - [INFO]  Mapping filter: 'hiddenHttpMethodFilter' to: [/*]
2019-08-07 09:58:39  [localhost-startStop-1:5276] - [AbstractFilterRegistrationBean.java:244] - [INFO]  Mapping filter: 'httpPutFormContentFilter' to: [/*]
2019-08-07 09:58:39  [localhost-startStop-1:5276] - [AbstractFilterRegistrationBean.java:244] - [INFO]  Mapping filter: 'requestContextFilter' to: [/*]
2019-08-07 09:58:39  [localhost-startStop-1:5276] - [AbstractFilterRegistrationBean.java:244] - [INFO]  Mapping filter: 'httpTraceFilter' to: [/*]
2019-08-07 09:58:39  [localhost-startStop-1:5276] - [AbstractFilterRegistrationBean.java:257] - [INFO]  Mapping filter: 'webStatFilter' to urls: [/*]
2019-08-07 09:58:39  [localhost-startStop-1:5276] - [AbstractFilterRegistrationBean.java:244] - [INFO]  Mapping filter: 'webMvcMetricsFilter' to: [/*]
2019-08-07 09:58:39  [main:5337] - [URLConfigurationSource.java:121] - [WARN]  No URLs will be polled as dynamic configuration sources.
2019-08-07 09:58:39  [main:5338] - [URLConfigurationSource.java:122] - [INFO]  To enable URLs as dynamic configuration sources, define System property archaius.configurationSource.additionalUrls or make config.properties available on classpath.
2019-08-07 09:58:39  [main:5428] - [AbstractUrlHandlerMapping.java:373] - [INFO]  Mapped URL path [/**/favicon.ico] onto handler of type [class org.springframework.web.servlet.resource.ResourceHttpRequestHandler]
2019-08-07 09:58:39  [main:5697] - [RequestMappingHandlerAdapter.java:574] - [INFO]  Looking for @ControllerAdvice: org.springframework.boot.web.servlet.context.AnnotationConfigServletWebServerApplicationContext@48e64352: startup date [Wed Aug 07 09:58:35 CST 2019]; parent: org.springframework.context.annotation.AnnotationConfigApplicationContext@4b34fff9
2019-08-07 09:58:39  [main:5760] - [AbstractHandlerMethodMapping.java:547] - [INFO]  Mapped "{[/hello/world],methods=[GET]}" onto public java.lang.Object com.dasorb.framwork.admin.controller.TestController.test()
2019-08-07 09:58:39  [main:5764] - [AbstractHandlerMethodMapping.java:547] - [INFO]  Mapped "{[/error]}" onto public org.springframework.http.ResponseEntity<java.util.Map<java.lang.String, java.lang.Object>> org.springframework.boot.autoconfigure.web.servlet.error.BasicErrorController.error(javax.servlet.http.HttpServletRequest)
2019-08-07 09:58:39  [main:5764] - [AbstractHandlerMethodMapping.java:547] - [INFO]  Mapped "{[/error],produces=[text/html]}" onto public org.springframework.web.servlet.ModelAndView org.springframework.boot.autoconfigure.web.servlet.error.BasicErrorController.errorHtml(javax.servlet.http.HttpServletRequest,javax.servlet.http.HttpServletResponse)
2019-08-07 09:58:39  [main:5795] - [AbstractUrlHandlerMapping.java:373] - [INFO]  Mapped URL path [/webjars/**] onto handler of type [class org.springframework.web.servlet.resource.ResourceHttpRequestHandler]
2019-08-07 09:58:39  [main:5795] - [AbstractUrlHandlerMapping.java:373] - [INFO]  Mapped URL path [/**] onto handler of type [class org.springframework.web.servlet.resource.ResourceHttpRequestHandler]
2019-08-07 09:58:40  [main:6641] - [EndpointLinksResolver.java:59] - [INFO]  Exposing 2 endpoint(s) beneath base path '/actuator'
2019-08-07 09:58:40  [main:6652] - [AbstractHandlerMethodMapping.java:547] - [INFO]  Mapped "{[/actuator/health],methods=[GET],produces=[application/vnd.spring-boot.actuator.v2+json || application/json]}" onto public java.lang.Object org.springframework.boot.actuate.endpoint.web.servlet.AbstractWebMvcEndpointHandlerMapping$OperationHandler.handle(javax.servlet.http.HttpServletRequest,java.util.Map<java.lang.String, java.lang.String>)
2019-08-07 09:58:40  [main:6653] - [AbstractHandlerMethodMapping.java:547] - [INFO]  Mapped "{[/actuator/info],methods=[GET],produces=[application/vnd.spring-boot.actuator.v2+json || application/json]}" onto public java.lang.Object org.springframework.boot.actuate.endpoint.web.servlet.AbstractWebMvcEndpointHandlerMapping$OperationHandler.handle(javax.servlet.http.HttpServletRequest,java.util.Map<java.lang.String, java.lang.String>)
2019-08-07 09:58:40  [main:6653] - [AbstractHandlerMethodMapping.java:547] - [INFO]  Mapped "{[/actuator],methods=[GET],produces=[application/vnd.spring-boot.actuator.v2+json || application/json]}" onto protected java.util.Map<java.lang.String, java.util.Map<java.lang.String, org.springframework.boot.actuate.endpoint.web.Link>> org.springframework.boot.actuate.endpoint.web.servlet.WebMvcEndpointHandlerMapping.links(javax.servlet.http.HttpServletRequest,javax.servlet.http.HttpServletResponse)
2019-08-07 09:58:40  [main:6706] - [MBeanExporter.java:433] - [INFO]  Registering beans for JMX exposure on startup
2019-08-07 09:58:40  [main:6707] - [MBeanExporter.java:895] - [INFO]  Bean with name 'statFilter' has been autodetected for JMX exposure
2019-08-07 09:58:40  [main:6707] - [MBeanExporter.java:895] - [INFO]  Bean with name 'dataSource' has been autodetected for JMX exposure
2019-08-07 09:58:40  [main:6715] - [MBeanExporter.java:895] - [INFO]  Bean with name 'environmentManager' has been autodetected for JMX exposure
2019-08-07 09:58:40  [main:6716] - [MBeanExporter.java:895] - [INFO]  Bean with name 'refreshScope' has been autodetected for JMX exposure
2019-08-07 09:58:40  [main:6717] - [MBeanExporter.java:895] - [INFO]  Bean with name 'configurationPropertiesRebinder' has been autodetected for JMX exposure
2019-08-07 09:58:40  [main:6720] - [MBeanExporter.java:675] - [INFO]  Located managed bean 'environmentManager': registering with JMX server as MBean [org.springframework.cloud.context.environment:name=environmentManager,type=EnvironmentManager]
2019-08-07 09:58:40  [main:6728] - [MBeanExporter.java:675] - [INFO]  Located managed bean 'refreshScope': registering with JMX server as MBean [org.springframework.cloud.context.scope.refresh:name=refreshScope,type=RefreshScope]
2019-08-07 09:58:40  [main:6739] - [MBeanExporter.java:675] - [INFO]  Located managed bean 'configurationPropertiesRebinder': registering with JMX server as MBean [org.springframework.cloud.context.properties:name=configurationPropertiesRebinder,context=48e64352,type=ConfigurationPropertiesRebinder]
2019-08-07 09:58:40  [main:6745] - [MBeanExporter.java:668] - [INFO]  Located MBean 'dataSource': registering with JMX server as MBean [com.alibaba.druid.spring.boot.autoconfigure:name=dataSource,type=DruidDataSourceWrapper]
2019-08-07 09:58:40  [main:6746] - [MBeanExporter.java:668] - [INFO]  Located MBean 'statFilter': registering with JMX server as MBean [com.alibaba.druid.filter.stat:name=statFilter,type=StatFilter]
2019-08-07 09:58:40  [main:6751] - [DefaultLifecycleProcessor.java:351] - [INFO]  Starting beans in phase 0
2019-08-07 09:58:40  [main:6766] - [InstanceInfoFactory.java:71] - [INFO]  Setting initial instance status as: STARTING
2019-08-07 09:58:40  [main:6818] - [DiscoveryClient.java:349] - [INFO]  Initializing Eureka in region us-east-1
2019-08-07 09:58:41  [main:7075] - [DiscoveryJerseyProvider.java:70] - [INFO]  Using JSON encoding codec LegacyJacksonJson
2019-08-07 09:58:41  [main:7076] - [DiscoveryJerseyProvider.java:71] - [INFO]  Using JSON decoding codec LegacyJacksonJson
2019-08-07 09:58:41  [main:7204] - [DiscoveryJerseyProvider.java:80] - [INFO]  Using XML encoding codec XStreamXml
2019-08-07 09:58:41  [main:7204] - [DiscoveryJerseyProvider.java:81] - [INFO]  Using XML decoding codec XStreamXml
2019-08-07 09:58:41  [main:7451] - [ConfigClusterResolver.java:43] - [INFO]  Resolving eureka endpoints via configuration
2019-08-07 09:58:41  [main:7497] - [DiscoveryClient.java:958] - [INFO]  Disable delta property : false
2019-08-07 09:58:41  [main:7497] - [DiscoveryClient.java:959] - [INFO]  Single vip registry refresh property : null
2019-08-07 09:58:41  [main:7497] - [DiscoveryClient.java:960] - [INFO]  Force full registry fetch : false
2019-08-07 09:58:41  [main:7497] - [DiscoveryClient.java:961] - [INFO]  Application is null : false
2019-08-07 09:58:41  [main:7497] - [DiscoveryClient.java:962] - [INFO]  Registered Applications size is zero : true
2019-08-07 09:58:41  [main:7498] - [DiscoveryClient.java:964] - [INFO]  Application version is -1: true
2019-08-07 09:58:41  [main:7498] - [DiscoveryClient.java:1047] - [INFO]  Getting all instance registry info from the eureka server
2019-08-07 09:58:41  [main:7693] - [DiscoveryClient.java:1056] - [INFO]  The response status is 200
2019-08-07 09:58:41  [main:7699] - [DiscoveryClient.java:1264] - [INFO]  Starting heartbeat executor: renew interval is: 30
2019-08-07 09:58:41  [main:7705] - [InstanceInfoReplicator.java:60] - [INFO]  InstanceInfoReplicator onDemand update allowed rate per min is 4
2019-08-07 09:58:41  [main:7712] - [DiscoveryClient.java:449] - [INFO]  Discovery Client initialized at timestamp 1565143121823 with initial instances count: 3
2019-08-07 09:58:41  [main:7717] - [EurekaServiceRegistry.java:42] - [INFO]  Registering application microservice-service-admin with eureka with status UP
2019-08-07 09:58:41  [main:7717] - [DiscoveryClient.java:1299] - [INFO]  Saw local status change event StatusChangeEvent [timestamp=1565143121830, current=UP, previous=STARTING]
2019-08-07 09:58:41  [DiscoveryClient-InstanceInfoReplicator-0:7719] - [DiscoveryClient.java:826] - [INFO]  DiscoveryClient_MICROSERVICE-SERVICE-ADMIN/WIN-ANAPA7101CQ:microservice-service-admin:9001: registering service...
2019-08-07 09:58:41  [main:7781] - [TomcatWebServer.java:206] - [INFO]  Tomcat started on port(s): 9001 (http) with context path '/admin'
2019-08-07 09:58:41  [main:7783] - [EurekaAutoServiceRegistration.java:124] - [INFO]  Updating port to 9001
2019-08-07 09:58:41  [main:7785] - [StartupInfoLogger.java:59] - [INFO]  Started FrameworkAdminApplication in 8.092 seconds (JVM running for 9.286)
2019-08-07 09:58:41  [DiscoveryClient-InstanceInfoReplicator-0:7786] - [DiscoveryClient.java:835] - [INFO]  DiscoveryClient_MICROSERVICE-SERVICE-ADMIN/WIN-ANAPA7101CQ:microservice-service-admin:9001 - registration status: 204
2019-08-07 09:58:42  [RMI TCP Connection(2)-10.1.75.9:8371] - [FrameworkServlet.java:494] - [INFO]  FrameworkServlet 'dispatcherServlet': initialization started
2019-08-07 09:58:42  [RMI TCP Connection(2)-10.1.75.9:8411] - [FrameworkServlet.java:509] - [INFO]  FrameworkServlet 'dispatcherServlet': initialization completed in 40 ms
2019-08-07 10:00:06  [http-nio-9000-exec-2:119601] - [AbstractUrlHandlerMapping.java:373] - [INFO]  Mapped URL path [/admin/**] onto handler of type [class org.springframework.cloud.netflix.zuul.web.ZuulController]
2019-08-07 10:00:06  [http-nio-9000-exec-2:119601] - [AbstractUrlHandlerMapping.java:373] - [INFO]  Mapped URL path [/microservice-service-admin/**] onto handler of type [class org.springframework.cloud.netflix.zuul.web.ZuulController]
2019-08-07 10:00:06  [http-nio-9000-exec-2:119741] - [AbstractApplicationContext.java:590] - [INFO]  Refreshing SpringClientFactory-microservice-service-admin: startup date [Wed Aug 07 10:00:06 CST 2019]; parent: org.springframework.boot.web.servlet.context.AnnotationConfigServletWebServerApplicationContext@7bb3a9fe
2019-08-07 10:00:06  [http-nio-9000-exec-2:119838] - [AutowiredAnnotationBeanPostProcessor.java:154] - [INFO]  JSR-330 'javax.inject.Inject' annotation found and supported for autowiring
2019-08-07 10:00:07  [http-nio-9000-exec-2:120214] - [ChainedDynamicProperty.java:115] - [INFO]  Flipping property: microservice-service-admin.ribbon.ActiveConnectionsLimit to use NEXT property: niws.loadbalancer.availabilityFilteringRule.activeConnectionsLimit = 2147483647
2019-08-07 10:00:07  [http-nio-9000-exec-2:120246] - [ShutdownEnabledTimer.java:58] - [INFO]  Shutdown hook installed for: NFLoadBalancer-PingTimer-microservice-service-admin
2019-08-07 10:00:07  [http-nio-9000-exec-2:120298] - [BaseLoadBalancer.java:192] - [INFO]  Client: microservice-service-admin instantiated a LoadBalancer: DynamicServerListLoadBalancer:{NFLoadBalancer:name=microservice-service-admin,current list of Servers=[],Load balancer stats=Zone stats: {},Server stats: []}ServerList:null
2019-08-07 10:00:07  [http-nio-9000-exec-2:120304] - [DynamicServerListLoadBalancer.java:222] - [INFO]  Using serverListUpdater PollingServerListUpdater
2019-08-07 10:00:07  [http-nio-9000-exec-2:120359] - [ChainedDynamicProperty.java:115] - [INFO]  Flipping property: microservice-service-admin.ribbon.ActiveConnectionsLimit to use NEXT property: niws.loadbalancer.availabilityFilteringRule.activeConnectionsLimit = 2147483647
2019-08-07 10:00:07  [http-nio-9000-exec-2:120361] - [DynamicServerListLoadBalancer.java:150] - [INFO]  DynamicServerListLoadBalancer for client microservice-service-admin initialized: DynamicServerListLoadBalancer:{NFLoadBalancer:name=microservice-service-admin,current list of Servers=[10.1.75.9:9001],Load balancer stats=Zone stats: {defaultzone=[Zone:defaultzone;	Instance count:1;	Active connections count: 0;	Circuit breaker tripped count: 0;	Active connections per server: 0.0;]
},Server stats: [[Server:10.1.75.9:9001;	Zone:defaultZone;	Total Requests:0;	Successive connection failure:0;	Total blackout seconds:0;	Last connection made:Thu Jan 01 08:00:00 CST 1970;	First connection made: Thu Jan 01 08:00:00 CST 1970;	Active Connections:0;	total failure count in last (1000) msecs:0;	average resp time:0.0;	90 percentile resp time:0.0;	95 percentile resp time:0.0;	min resp time:0.0;	max resp time:0.0;	stddev resp time:0.0]
]}ServerList:org.springframework.cloud.netflix.ribbon.eureka.DomainExtractingServerList@77919872
2019-08-07 10:00:08  [PollingServerListUpdater-0:121314] - [ChainedDynamicProperty.java:115] - [INFO]  Flipping property: microservice-service-admin.ribbon.ActiveConnectionsLimit to use NEXT property: niws.loadbalancer.availabilityFilteringRule.activeConnectionsLimit = 2147483647
2019-08-07 10:03:17  [AsyncResolver-bootstrap-executor-0:309987] - [ConfigClusterResolver.java:43] - [INFO]  Resolving eureka endpoints via configuration
2019-08-07 10:03:26  [Thread-30:319419] - [AbstractApplicationContext.java:993] - [INFO]  Closing org.springframework.boot.web.servlet.context.AnnotationConfigServletWebServerApplicationContext@7bb3a9fe: startup date [Wed Aug 07 09:58:10 CST 2019]; parent: org.springframework.context.annotation.AnnotationConfigApplicationContext@2462cb01
2019-08-07 10:03:26  [Thread-30:319420] - [EurekaServiceRegistry.java:65] - [INFO]  Unregistering application api-gateway with eureka with status DOWN
2019-08-07 10:03:26  [Thread-30:319422] - [DiscoveryClient.java:1297] - [WARN]  Saw local status change event StatusChangeEvent [timestamp=1565143406565, current=DOWN, previous=UP]
2019-08-07 10:03:26  [Thread-42:319421] - [PollingServerListUpdater.java:53] - [INFO]  Shutting down the Executor Pool for PollingServerListUpdater
2019-08-07 10:03:26  [DiscoveryClient-InstanceInfoReplicator-0:319424] - [DiscoveryClient.java:826] - [INFO]  DiscoveryClient_API-GATEWAY/WIN-ANAPA7101CQ:api-gateway:9000: registering service...
2019-08-07 10:03:26  [Thread-30:319425] - [DefaultLifecycleProcessor.java:366] - [INFO]  Stopping beans in phase 0
2019-08-07 10:03:26  [Thread-30:319430] - [ZuulFilterInitializer.java:77] - [INFO]  Stopping filter initializer
2019-08-07 10:03:26  [Thread-30:319432] - [AbstractApplicationContext.java:993] - [INFO]  Closing SpringClientFactory-microservice-service-admin: startup date [Wed Aug 07 10:00:06 CST 2019]; parent: org.springframework.boot.web.servlet.context.AnnotationConfigServletWebServerApplicationContext@7bb3a9fe
2019-08-07 10:03:26  [Thread-30:319433] - [ShutdownEnabledTimer.java:67] - [INFO]  Shutdown hook removed for: NFLoadBalancer-PingTimer-microservice-service-admin
2019-08-07 10:03:26  [Thread-30:319434] - [ShutdownEnabledTimer.java:72] - [INFO]  Exception caught (might be ok if at shutdown)
java.lang.IllegalStateException: Shutdown in progress
	at java.lang.ApplicationShutdownHooks.remove(ApplicationShutdownHooks.java:82)
	at java.lang.Runtime.removeShutdownHook(Runtime.java:239)
	at com.netflix.util.concurrent.ShutdownEnabledTimer.cancel(ShutdownEnabledTimer.java:70)
	at com.netflix.loadbalancer.BaseLoadBalancer.cancelPingTask(BaseLoadBalancer.java:613)
	at com.netflix.loadbalancer.BaseLoadBalancer.shutdown(BaseLoadBalancer.java:864)
	at com.netflix.loadbalancer.DynamicServerListLoadBalancer.shutdown(DynamicServerListLoadBalancer.java:285)
	at sun.reflect.NativeMethodAccessorImpl.invoke0(Native Method)
	at sun.reflect.NativeMethodAccessorImpl.invoke(NativeMethodAccessorImpl.java:62)
	at sun.reflect.DelegatingMethodAccessorImpl.invoke(DelegatingMethodAccessorImpl.java:43)
	at java.lang.reflect.Method.invoke(Method.java:498)
	at org.springframework.beans.factory.support.DisposableBeanAdapter.invokeCustomDestroyMethod(DisposableBeanAdapter.java:337)
	at org.springframework.beans.factory.support.DisposableBeanAdapter.destroy(DisposableBeanAdapter.java:271)
	at org.springframework.beans.factory.support.DefaultSingletonBeanRegistry.destroyBean(DefaultSingletonBeanRegistry.java:577)
	at org.springframework.beans.factory.support.DefaultSingletonBeanRegistry.destroySingleton(DefaultSingletonBeanRegistry.java:549)
	at org.springframework.beans.factory.support.DefaultListableBeanFactory.destroySingleton(DefaultListableBeanFactory.java:957)
	at org.springframework.beans.factory.support.DefaultSingletonBeanRegistry.destroySingletons(DefaultSingletonBeanRegistry.java:510)
	at org.springframework.beans.factory.support.DefaultListableBeanFactory.destroySingletons(DefaultListableBeanFactory.java:964)
	at org.springframework.context.support.AbstractApplicationContext.destroyBeans(AbstractApplicationContext.java:1041)
	at org.springframework.context.support.AbstractApplicationContext.doClose(AbstractApplicationContext.java:1017)
	at org.springframework.context.support.AbstractApplicationContext.close(AbstractApplicationContext.java:967)
	at org.springframework.cloud.context.named.NamedContextFactory.destroy(NamedContextFactory.java:76)
	at org.springframework.beans.factory.support.DisposableBeanAdapter.destroy(DisposableBeanAdapter.java:256)
	at org.springframework.beans.factory.support.DefaultSingletonBeanRegistry.destroyBean(DefaultSingletonBeanRegistry.java:577)
	at org.springframework.beans.factory.support.DefaultSingletonBeanRegistry.destroySingleton(DefaultSingletonBeanRegistry.java:549)
	at org.springframework.beans.factory.support.DefaultListableBeanFactory.destroySingleton(DefaultListableBeanFactory.java:957)
	at org.springframework.beans.factory.support.DefaultSingletonBeanRegistry.destroySingletons(DefaultSingletonBeanRegistry.java:510)
	at org.springframework.beans.factory.support.DefaultListableBeanFactory.destroySingletons(DefaultListableBeanFactory.java:964)
	at org.springframework.context.support.AbstractApplicationContext.destroyBeans(AbstractApplicationContext.java:1041)
	at org.springframework.context.support.AbstractApplicationContext.doClose(AbstractApplicationContext.java:1017)
	at org.springframework.context.support.AbstractApplicationContext$1.run(AbstractApplicationContext.java:937)
2019-08-07 10:03:26  [DiscoveryClient-InstanceInfoReplicator-0:319445] - [DiscoveryClient.java:835] - [INFO]  DiscoveryClient_API-GATEWAY/WIN-ANAPA7101CQ:api-gateway:9000 - registration status: 204
2019-08-07 10:03:26  [Thread-30:319465] - [MBeanExporter.java:451] - [INFO]  Unregistering JMX-exposed beans on shutdown
2019-08-07 10:03:26  [Thread-30:319466] - [MBeanRegistrationSupport.java:183] - [INFO]  Unregistering JMX-exposed beans
2019-08-07 10:03:26  [Thread-30:319478] - [DiscoveryClient.java:888] - [INFO]  Shutting down DiscoveryClient ...
2019-08-07 10:03:26  [Thread-30:319480] - [InitDestroyAnnotationBeanPostProcessor.java:163] - [WARN]  Invocation of destroy method failed on bean with name 'scopedTarget.eurekaClient': org.springframework.beans.factory.BeanCreationNotAllowedException: Error creating bean with name 'eurekaInstanceConfigBean': Singleton bean creation not allowed while singletons of this factory are in destruction (Do not request a bean from a BeanFactory in a destroy method implementation!)
2019-08-07 10:03:26  [Thread-25:292740] - [AbstractApplicationContext.java:993] - [INFO]  Closing org.springframework.boot.web.servlet.context.AnnotationConfigServletWebServerApplicationContext@48e64352: startup date [Wed Aug 07 09:58:35 CST 2019]; parent: org.springframework.context.annotation.AnnotationConfigApplicationContext@4b34fff9
2019-08-07 10:03:26  [Thread-25:292741] - [EurekaServiceRegistry.java:65] - [INFO]  Unregistering application microservice-service-admin with eureka with status DOWN
2019-08-07 10:03:26  [Thread-25:292741] - [DiscoveryClient.java:1297] - [WARN]  Saw local status change event StatusChangeEvent [timestamp=1565143406854, current=DOWN, previous=UP]
2019-08-07 10:03:26  [DiscoveryClient-InstanceInfoReplicator-0:292742] - [DiscoveryClient.java:826] - [INFO]  DiscoveryClient_MICROSERVICE-SERVICE-ADMIN/WIN-ANAPA7101CQ:microservice-service-admin:9001: registering service...
2019-08-07 10:03:26  [Thread-25:292743] - [DefaultLifecycleProcessor.java:366] - [INFO]  Stopping beans in phase 0
2019-08-07 10:03:26  [Thread-25:292746] - [MBeanExporter.java:451] - [INFO]  Unregistering JMX-exposed beans on shutdown
2019-08-07 10:03:26  [Thread-25:292748] - [MBeanRegistrationSupport.java:183] - [INFO]  Unregistering JMX-exposed beans
2019-08-07 10:03:26  [DiscoveryClient-InstanceInfoReplicator-0:292760] - [DiscoveryClient.java:835] - [INFO]  DiscoveryClient_MICROSERVICE-SERVICE-ADMIN/WIN-ANAPA7101CQ:microservice-service-admin:9001 - registration status: 204
2019-08-07 10:03:26  [Thread-25:292776] - [DruidDataSource.java:1823] - [INFO]  {dataSource-1} closed
2019-08-07 10:03:26  [Thread-25:292778] - [DiscoveryClient.java:888] - [INFO]  Shutting down DiscoveryClient ...
2019-08-07 10:03:26  [Thread-25:292783] - [InitDestroyAnnotationBeanPostProcessor.java:163] - [WARN]  Invocation of destroy method failed on bean with name 'scopedTarget.eurekaClient': org.springframework.beans.factory.BeanCreationNotAllowedException: Error creating bean with name 'eurekaInstanceConfigBean': Singleton bean creation not allowed while singletons of this factory are in destruction (Do not request a bean from a BeanFactory in a destroy method implementation!)
